<?xml version="1.0" encoding="UTF-8"?>
<!-- Generated by org.testng.reporters.JUnitReportReporter -->
<testsuite hostname="DESKTOP-F6L6QI8" failures="0" tests="6" name="DSAlgo_testcases.TC_003_HomepageTest" time="9.167" errors="0" timestamp="2022-03-14T16:41:56 EDT" skipped="0">
  <testcase classname="DSAlgo_testcases.TC_003_HomepageTest" name="getonhomepage" time="1.979"/>
  <system-out/>
  <testcase classname="DSAlgo_testcases.TC_003_HomepageTest" name="Databasegetstarted" time="0.363"/>
  <system-out/>
  <testcase classname="DSAlgo_testcases.TC_003_HomepageTest" name="Databasedropdown" time="4.841"/>
  <system-out/>
  <testcase classname="DSAlgo_testcases.TC_003_HomepageTest" name="Signinlinkcheck" time="0.327"/>
  <system-out/>
  <testcase classname="DSAlgo_testcases.TC_003_HomepageTest" name="Register_link_check" time="0.241"/>
  <system-out/>
  <testcase classname="DSAlgo_testcases.TC_003_HomepageTest" name="userlogin" time="1.416"/>
  <system-out/>
</testsuite> <!-- DSAlgo_testcases.TC_003_HomepageTest -->
