<?xml version="1.0" encoding="UTF-8"?>
<!-- Generated by org.testng.reporters.JUnitReportReporter -->
<testsuite hostname="DESKTOP-F6L6QI8" failures="0" tests="6" name="DSAlgo_testcases.TC_006_Queuepagetests" time="0.000" errors="0" timestamp="2022-03-28T21:33:38 EDT" skipped="6">
  <testcase classname="DSAlgo_testcases.TC_006_Queuepagetests" name="quepagegetstartedfunction" time="0.000">
    <skipped/>
  </testcase> <!-- quepagegetstartedfunction -->
  <system-out/>
  <testcase classname="DSAlgo_testcases.TC_006_Queuepagetests" name="quepagefunction" time="0.000">
    <skipped/>
  </testcase> <!-- quepagefunction -->
  <system-out/>
  <testcase classname="DSAlgo_testcases.TC_006_Queuepagetests" name="quepagefunction2" time="0.000">
    <skipped/>
  </testcase> <!-- quepagefunction2 -->
  <system-out/>
  <testcase classname="DSAlgo_testcases.TC_006_Queuepagetests" name="quepagefunction3" time="0.000">
    <skipped/>
  </testcase> <!-- quepagefunction3 -->
  <system-out/>
  <testcase classname="DSAlgo_testcases.TC_006_Queuepagetests" name="quepagefunction4" time="0.000">
    <skipped/>
  </testcase> <!-- quepagefunction4 -->
  <system-out/>
  <testcase classname="DSAlgo_testcases.TC_006_Queuepagetests" name="quepagefunction5" time="0.000">
    <skipped/>
  </testcase> <!-- quepagefunction5 -->
  <system-out/>
</testsuite> <!-- DSAlgo_testcases.TC_006_Queuepagetests -->
