<?xml version="1.0" encoding="UTF-8"?>
<!-- Generated by org.testng.reporters.JUnitReportReporter -->
<testsuite hostname="DESKTOP-F6L6QI8" failures="0" tests="6" name="DSAlgo_testcases.TC_003_HomepageTest" time="0.000" errors="0" timestamp="2022-03-28T21:33:38 EDT" skipped="6">
  <testcase classname="DSAlgo_testcases.TC_003_HomepageTest" name="getonhomepage" time="0.000">
    <skipped/>
  </testcase> <!-- getonhomepage -->
  <system-out/>
  <testcase classname="DSAlgo_testcases.TC_003_HomepageTest" name="Databasegetstarted" time="0.000">
    <skipped/>
  </testcase> <!-- Databasegetstarted -->
  <system-out/>
  <testcase classname="DSAlgo_testcases.TC_003_HomepageTest" name="Databasedropdown" time="0.000">
    <skipped/>
  </testcase> <!-- Databasedropdown -->
  <system-out/>
  <testcase classname="DSAlgo_testcases.TC_003_HomepageTest" name="Signinlinkcheck" time="0.000">
    <skipped/>
  </testcase> <!-- Signinlinkcheck -->
  <system-out/>
  <testcase classname="DSAlgo_testcases.TC_003_HomepageTest" name="Register_link_check" time="0.000">
    <skipped/>
  </testcase> <!-- Register_link_check -->
  <system-out/>
  <testcase classname="DSAlgo_testcases.TC_003_HomepageTest" name="userlogin" time="0.000">
    <skipped/>
  </testcase> <!-- userlogin -->
  <system-out/>
</testsuite> <!-- DSAlgo_testcases.TC_003_HomepageTest -->
