<?xml version="1.0" encoding="UTF-8"?>
<!-- Generated by org.testng.reporters.JUnitReportReporter -->
<testsuite hostname="DESKTOP-F6L6QI8" failures="0" tests="1" name="DSAlgo_testcases.TC_002_Registrationtest" time="0.507" errors="0" timestamp="2022-03-14T16:41:17 EDT" skipped="0">
  <testcase classname="DSAlgo_testcases.TC_002_Registrationtest" name="user_opens_register_page" time="0.507"/>
  <system-out/>
</testsuite> <!-- DSAlgo_testcases.TC_002_Registrationtest -->
