<?xml version="1.0" encoding="UTF-8"?>
<!-- Generated by org.testng.reporters.JUnitReportReporter -->
<testsuite hostname="DESKTOP-F6L6QI8" failures="0" tests="7" name="DSAlgo_testcases.TC_009_DDTLoginTests" time="0.000" errors="0" timestamp="2022-04-04T15:16:14 EDT" skipped="7">
  <testcase classname="DSAlgo_testcases.TC_009_DDTLoginTests" name="signin" time="0.000">
    <skipped/>
  </testcase> <!-- signin -->
  <system-out/>
  <testcase classname="DSAlgo_testcases.TC_009_DDTLoginTests" name="signin" time="0.000">
    <skipped/>
  </testcase> <!-- signin -->
  <system-out/>
  <testcase classname="DSAlgo_testcases.TC_009_DDTLoginTests" name="signin" time="0.000">
    <skipped/>
  </testcase> <!-- signin -->
  <system-out/>
  <testcase classname="DSAlgo_testcases.TC_009_DDTLoginTests" name="signin" time="0.000">
    <skipped/>
  </testcase> <!-- signin -->
  <system-out/>
  <testcase classname="DSAlgo_testcases.TC_009_DDTLoginTests" name="signin" time="0.000">
    <skipped/>
  </testcase> <!-- signin -->
  <system-out/>
  <testcase classname="DSAlgo_testcases.TC_009_DDTLoginTests" name="signin" time="0.000">
    <skipped/>
  </testcase> <!-- signin -->
  <system-out/>
  <testcase classname="DSAlgo_testcases.TC_009_DDTLoginTests" name="signin" time="0.000">
    <skipped/>
  </testcase> <!-- signin -->
  <system-out/>
</testsuite> <!-- DSAlgo_testcases.TC_009_DDTLoginTests -->
