<?xml version="1.0" encoding="UTF-8"?>
<!-- Generated by org.testng.reporters.JUnitReportReporter -->
<testsuite hostname="DESKTOP-F6L6QI8" failures="0" tests="2" name="DSAlgo_testcases.TC_001_signintest" time="3.390" errors="0" timestamp="2022-03-14T16:40:31 EDT" skipped="0">
  <testcase classname="DSAlgo_testcases.TC_001_signintest" name="Signinfunction" time="3.075"/>
  <system-out/>
  <testcase classname="DSAlgo_testcases.TC_001_signintest" name="SignoutFunction" time="0.315"/>
  <system-out/>
</testsuite> <!-- DSAlgo_testcases.TC_001_signintest -->
