<?xml version="1.0" encoding="UTF-8"?>
<!-- Generated by org.testng.reporters.JUnitReportReporter -->
<testsuite hostname="DESKTOP-F6L6QI8" failures="0" tests="1" name="DSAlgo_testcases.TC_001_portalpage" time="2.383" errors="0" timestamp="2022-03-01T14:58:44 EST" skipped="0">
  <testcase classname="DSAlgo_testcases.TC_001_portalpage" name="Signinfunction" time="2.383"/>
  <system-out/>
</testsuite> <!-- DSAlgo_testcases.TC_001_portalpage -->
