<?xml version="1.0" encoding="UTF-8"?>
<!-- Generated by org.testng.reporters.JUnitReportReporter -->
<testsuite hostname="DESKTOP-F6L6QI8" failures="0" tests="5" name="DSAlgo_testcases.Test_all" time="0.000" errors="0" timestamp="2022-04-04T15:16:14 EDT" skipped="5">
  <testcase classname="DSAlgo_testcases.Test_all" name="testCase_Queuepagetest" time="0.000">
    <skipped/>
  </testcase> <!-- testCase_Queuepagetest -->
  <system-out/>
  <testcase classname="DSAlgo_testcases.Test_all" name="testCase_signIn" time="0.000">
    <skipped/>
  </testcase> <!-- testCase_signIn -->
  <system-out/>
  <testcase classname="DSAlgo_testcases.Test_all" name="testCase_Stackpagetest" time="0.000">
    <skipped/>
  </testcase> <!-- testCase_Stackpagetest -->
  <system-out/>
  <testcase classname="DSAlgo_testcases.Test_all" name="testCase_Registration" time="0.000">
    <skipped/>
  </testcase> <!-- testCase_Registration -->
  <system-out/>
  <testcase classname="DSAlgo_testcases.Test_all" name="testCase_Homepage" time="0.000">
    <skipped/>
  </testcase> <!-- testCase_Homepage -->
  <system-out/>
</testsuite> <!-- DSAlgo_testcases.Test_all -->
