<?xml version="1.0" encoding="UTF-8"?>
<!-- Generated by org.testng.reporters.JUnitReportReporter -->
<testsuite hostname="DESKTOP-F6L6QI8" failures="0" tests="5" name="DSAlgo_testcases.TC_005_Stackpagetest" time="0.000" errors="0" timestamp="2022-03-28T21:33:38 EDT" skipped="5">
  <testcase classname="DSAlgo_testcases.TC_005_Stackpagetest" name="Stackpagefunction1" time="0.000">
    <skipped/>
  </testcase> <!-- Stackpagefunction1 -->
  <system-out/>
  <testcase classname="DSAlgo_testcases.TC_005_Stackpagetest" name="Stackpagefunction2" time="0.000">
    <skipped/>
  </testcase> <!-- Stackpagefunction2 -->
  <system-out/>
  <testcase classname="DSAlgo_testcases.TC_005_Stackpagetest" name="Stackpagefunction3" time="0.000">
    <skipped/>
  </testcase> <!-- Stackpagefunction3 -->
  <system-out/>
  <testcase classname="DSAlgo_testcases.TC_005_Stackpagetest" name="Stackpagefunction4" time="0.000">
    <skipped/>
  </testcase> <!-- Stackpagefunction4 -->
  <system-out/>
  <testcase classname="DSAlgo_testcases.TC_005_Stackpagetest" name="Stackpagefunction5" time="0.000">
    <skipped/>
  </testcase> <!-- Stackpagefunction5 -->
  <system-out/>
</testsuite> <!-- DSAlgo_testcases.TC_005_Stackpagetest -->
