<?xml version="1.0" encoding="UTF-8"?>
<!-- Generated by org.testng.reporters.JUnitReportReporter -->
<testsuite hostname="DESKTOP-F6L6QI8" failures="0" tests="5" name="DSAlgo_testcases.TC_004_DSintroductionpgtest" time="0.000" errors="0" timestamp="2022-03-28T21:33:38 EDT" skipped="5">
  <testcase classname="DSAlgo_testcases.TC_004_DSintroductionpgtest" name="signinuser" time="0.000">
    <skipped/>
  </testcase> <!-- signinuser -->
  <system-out/>
  <testcase classname="DSAlgo_testcases.TC_004_DSintroductionpgtest" name="Datastructure_intro" time="0.000">
    <skipped/>
  </testcase> <!-- Datastructure_intro -->
  <system-out/>
  <testcase classname="DSAlgo_testcases.TC_004_DSintroductionpgtest" name="Dspagetest1" time="0.000">
    <skipped/>
  </testcase> <!-- Dspagetest1 -->
  <system-out/>
  <testcase classname="DSAlgo_testcases.TC_004_DSintroductionpgtest" name="Dspagetest2" time="0.000">
    <skipped/>
  </testcase> <!-- Dspagetest2 -->
  <system-out/>
  <testcase classname="DSAlgo_testcases.TC_004_DSintroductionpgtest" name="Dspagetest3" time="0.000">
    <skipped/>
  </testcase> <!-- Dspagetest3 -->
  <system-out/>
</testsuite> <!-- DSAlgo_testcases.TC_004_DSintroductionpgtest -->
